<?xml version="1.0" encoding="UTF-8"?>
<!-- Generated by org.testng.reporters.JUnitXMLReporter -->
<testsuite ignored="0" hostname="IN1LT1496" failures="1" tests="1" name="chromeTest" time="0.016" errors="0" timestamp="17 Dec 2020 09:21:03 GMT">
  <testcase classname="jca.ParallelExcu2" name="tc1" time="0.0">
    <failure type="org.testng.TestNGException" message="
Cannot inject @Test annotated Method [tc1] with [class java.lang.String].
For more information on native dependency injection please refer to http://testng.org/doc/documentation-main.html#native-dependency-injection">
      <![CDATA[org.testng.TestNGException: 
Cannot inject @Test annotated Method [tc1] with [class java.lang.String].
For more information on native dependency injection please refer to http://testng.org/doc/documentation-main.html#native-dependency-injection
... Removed 24 stack frames]]>
    </failure>
  </testcase> <!-- tc1 -->
</testsuite> <!-- chromeTest -->
